<?xml version="1.0" encoding="UTF-8"?>
<testng-results ignored="0" total="2" passed="2" failed="0" skipped="0">
  <reporter-output>
  </reporter-output>
  <suite started-at="2023-03-18T09:37:16 IST" name="Suite" finished-at="2023-03-18T09:37:23 IST" duration-ms="7058">
    <groups>
    </groups>
    <test started-at="2023-03-18T09:37:16 IST" name="Test" finished-at="2023-03-18T09:37:23 IST" duration-ms="7058">
      <class name="com.TestNG.parellelTest">
        <test-method signature="edgeBrowser()[pri:0, instance:com.TestNG.parellelTest@3bf9ce3e]" started-at="2023-03-18T09:37:16 IST" name="edgeBrowser" finished-at="2023-03-18T09:37:23 IST" duration-ms="7021" status="PASS">
          <reporter-output>
          </reporter-output>
        </test-method> <!-- edgeBrowser -->
        <test-method signature="ChromeTest()[pri:0, instance:com.TestNG.parellelTest@3bf9ce3e]" started-at="2023-03-18T09:37:16 IST" name="ChromeTest" finished-at="2023-03-18T09:37:20 IST" duration-ms="4775" status="PASS">
          <reporter-output>
          </reporter-output>
        </test-method> <!-- ChromeTest -->
      </class> <!-- com.TestNG.parellelTest -->
    </test> <!-- Test -->
  </suite> <!-- Suite -->
</testng-results>
